1     	 0000				_PROC_ASM
2     						
3     							.if defined (_PROC_ASM)
4     						
5     						
6     	 0000				_L_CH .equ 0
7     	 0001				_R_CH .equ 1
8     	 0002				_LS_CH .equ 2
9     	 0003				_RS_CH .equ 3
10    	 0004				_C_CH .equ 4
11    	 0010				_BLOCK_SIZE .equ 16
12    	 0017				_FILTER_LENGHT .equ 23
13    						
14    	 0000					.public _processing
15    	 0000					.extern _inputGain
16    	 0000					.extern _limiterThreshold
17    	 0000					.extern _saturation
18    	 0000					.extern _modeFlag
19    	 0000					.extern _hpfCoefs
20    	 0000					.extern _lpfCoefs
21    	 0000					.extern _lpfHistoryBuffer
22    	 0000					.extern _hpfHistoryBuffer
23    							
24    						 	.code_ovly 
24     >> start of macro: .code_ovly
1+    									seg_single , "CODE_OVLY", CODE
1+     >> start of macro: seg_single
1+    						  .if ( "" != "" ) & defined( ___SegStart_CODE_ )
2+    						    segment
3+    						  .else
4+    						    segment "CODE_OVLY"
5+    							.if "" != ""
6+    						___SegStart_CODE_
7+    							.endif
8+    						  .endif
9+    							#RememberSegmentType
10+    >> end of macro: seg_single
2+     >> end of macro: .code_ovly
25    						 	
26    						 	# prema CCC2 pozivnoj konvenciji: 
27    						 	# i0 - parametar pokazivac, pIn
28    						 	# i1 - parametar pokazivac, pOut
29    	 0000				_processing:
30    						
31    							# Save index registers on stack
32    	 0000	 B2540017		xmem[i7] = i2; i7 += 1;
33    	 0001	 B3540017		xmem[i7] = i3; i7 += 1;
34    	 0002	 B8540017		xmem[i7] = i4; i7 += 1;
35    	 0003	 B9540017		xmem[i7] = i5; i7 += 1;
36    	 0004	 BA540017		xmem[i7] = i6; i7 += 1;
37    							#save accums to the stack
38    	 0005	 8A540017		xmem[i7] = a2; i7 += 1;
39    	 0006	 8E540017		xmem[i7] = b2; i7 += 1;
40    	 0007	 8B540017		xmem[i7] = a3; i7 += 1;
41    	 0008	 8F540017		xmem[i7] = b3; i7 += 1;
42    						
43    						//    input pointers
44    						#	__memY DSPfract* L_CH_In_Ptr = *pIn; //already in i0
45    						# 	__memY DSPfract* R_CH_In_Ptr = *(pIn + R_CH);
46    	 0009	 82050010		i2 = i0 + (_R_CH * _BLOCK_SIZE)   
47    						// output pointers
48    						#	__memY DSPfract* L_CH_Out_Ptr = *pOut; already in i1
49    						#	__memY DSPfract* R_CH_Out_Ptr = *(pOut + R_CH);
50    	 000A	 83150010		i3 = i1 + (_R_CH * _BLOCK_SIZE)	
51    						#	__memY DSPfract* RS_CH_Out_Ptr = *(pOut + RS_CH);
52    	 000B	 84150020		i4 = i1 + (_LS_CH * _BLOCK_SIZE)
53    						#	__memY DSPfract* LS_CH_Out_Ptr = *(pOut + LS_CH);
54    	 000C	 85150030		i5 = i1 + (_RS_CH * _BLOCK_SIZE)
55    						# 	__memY DSPfract* C_CH_Out_Ptr = *(pOut + C_CH);
56    	 000D	 86150040		i6 = i1 + (_C_CH * _BLOCK_SIZE)
57    						
58    						
59    						#index register mapping:
60    						# i0=L_CH_In_Ptr
61    						# i2=R_CH_In_Ptr
62    						# i1=L_CH_Out_Ptr
63    						# i3=R_CH_Out_Ptr
64    						# i4=LS_CH_Out_Ptr 
65    						# i5=RS_CH_Out_Ptr
66    						# i6=C_CH_Out_Ptr
67    						#i7	STACK BOUND
68    						#i8 TMP
69    						
70    						#	DSPaccum processed_L_CH=0.0;a2 // these will be replaced by registers a2 & b2
71    						#	DSPaccum processed_R_CH=0.0;b2
72    						#	DSPaccum centerSum=0.0;
73    						#  DSPint j;  //will be replaced with a hw loop  along with the for
74    						
75    						#	for ( j = 0; j < BLOCK_SIZE; j++)
76    							#{
77    						##################################################################
78    						//processing loop
79    						#################################################################
80    								
81    	 000E	 81000059		do(_BLOCK_SIZE),>loop
82    								#######################################################
83    								//first stage, apply inputGain on L & R channels 
84    								######################################################
85    								
86    								//L_CH
87    								# processed_L_CH = (DSPfract)(*L_CH_In_Ptr) * (DSPfract)(inputGain);
88    								# *L_CH_Out_Ptr = (DSPfract)saturation(processed_L_CH);
89    								#L_CH_In_Ptr++;
90    	 000F	 84940010			y0 = ymem[i0]; i0 += 1  // loads the sample value and moves input  pointer through the block
91    	 0010	 80040000			x0 = xmem[_inputGain]   //loads inputGain
92    	 0011	 00002400			a0 = x0 * y0 //applies gain output of L_Ch of this phase is in a0
93    	 0012	 8C040000			b0 = xmem[_limiterThreshold]
94    							# if (in < limiterThreshold)
95    	 0013	 00004F20			a0 - b0
96    	 0014	 84880017			if (a < 0) jmp>less
97    	 0015	 4C487FFF				a0 = b0
98    	 0016	 8008001B				jmp>endSaturation
99    	 0017				%less: 
100   							# if (in >= -limiterThreshold)
101   	 0017	 00004C84			b0 = -b0
102   	 0018	 00004F20			a0 - b0
103   	 0019	 84C8001B			if (a >= 0) jmp>endSaturation
104   	 001A	 4C487FFF				a0 = b0	
105   	 001B				%endSaturation:
106   								//L_CH
107   								# *LS_CH_Out_Ptr = (DSPfract)processed_L_CH;
108   	 001B	 88D40004			ymem[i4]=a0; //writes corrected volumes of L_CH To LS_CH
109   								
110   								
111   								//R_CH
112   								#pIn[R_CH][j] = saturation(pIn[R_CH][j] * variablesGain[R_CH]);
113   								# processed_R_CH = (DSPfract)(*R_CH_In_Ptr) * (DSPfract)(inputGain);
114   								# *R_CH_Out_Ptr = (DSPfract)saturation(processed_R_CH);
115   								#R_CH_In_Ptr++;
116   	 001C	 85940012			y1 = ymem[i2]; i2 += 1  // loads the sample value and moves input pointer through the block
117   								//inputGain same for both
118   	 001D	 00002421			a1 = y1 * x0 //applies gain output of R_Ch of this phase is in a1
119   	 001E	 8D040000			b1 = xmem[_limiterThreshold]
120   								# if (in < limiterThreshold)
121   	 001F	 00004F29			a1 - b1
122   	 0020	 84880023			if (a < 0) jmp>less
123   	 0021	 4D497FFF				a1 = b1
124   	 0022	 80080027				jmp>endSaturation
125   	 0023				%less: 
126   							# if (in >= -limiterThreshold)
127   	 0023	 00004C8D			b1 = -b1
128   	 0024	 00004F29			a1 - b1
129   	 0025	 84C80027			if (a >= 0) jmp>endSaturation
130   	 0026	 4D497FFF				a1 = b1	
131   	 0027				%endSaturation:
132   								
133   								
134   								
135   								##################################################################
136   								//passing through processed L & R channels To Ls and Rs channels
137   								##################################################################
138   								
139   							
140   								//R_CH
141   								# *RS_CH_Out_Ptr = (DSPfract)processed_R_CH;
142   	 0027	 89D40005			ymem[i5]=a1;//writes corrected volumes of R_CH To RS_CH
143   							
144   							
145   							
146   								########################################################
147   								//mode 0 1 dependent processing
148   								########################################################
149   								
150   								#processed_L_CH = (DSPfract)*L_CH_Out_Ptr;
151   	 0028	 484B7FFF			a3=a0 //saving a0 for further use
152   								#processed_R_CH = (DSPfract)*R_CH_Out_Ptr; 
153   	 0029	 494F7FFF			b3=a1 //saving a0 for further use
154   								
155   								
156   								
157   								// fir filtering part
158   								# if (modeFlag)  //mode check logic
159   	 002A	 00004D56			b2=b2^b2 //puts  0 into b2
160   	 002B	 8A040000			a2=xmem[_modeFlag]
161   								
162   	 002C	 00004F36			b2-a2
163   	 002D	 86080043			if(b==0) jmp>mode0
164   								
165   								//mode 1 processing
166   								#	{	//doing fir filtering on L&R channels
167   						///////////////////////////////////////////////////////////////////////////////////////////////////////////////////////////		
168   								//L_CH
169   	 002E	 B0540017			xmem[i7] = i0; i7 += 1; //saving i0 and i1 registers with pointers to the L_Ch_in and L_Ch_out so they can be used for a function call
170   	 002F	 B1540017			xmem[i7] = i1; i7 += 1; 
171   								//prepping arguments for L_CH
172   								//correct value is already in a0
173   	 0030	 B04A0000			i0=(_hpfCoefs)
174   	 0031	 B14A0000			i1=(_hpfHistoryBuffer)
175   								// we are calling this function fir_basic( DSPfract input(in a0), __memY DSPfract* coeffs(in i0),  __memX DSPfract* history(in i1))
176   								//this call 
177   								#  	*L_CH_Out_Ptr = fir_basic(*L_CH_Out_Ptr,hpfCoefs, hpfHistoryBuffer);
178   	 0032	 80880066			call _fir_basic
179   	 0033	 02177FFF			i7 -= 1;
180   	 0034	 00007FFF			nop
181   	 0035	 B1140007			i1=xmem[i7]; 
182   	 0036	 00007FFF			nop
183   	 0037	 88D40001			ymem[i1]=a0;//saving the result into output buffer for L_CH
184   	 0038	 B1540017			xmem[i7] = i1; i7 += 1; 
185   								#processed_L_CH = (DSPfract)*L_CH_Out_Ptr;
186   	 0039	 484B7FFF			a3=a0;//saving result of this phase for next phase   a2
187   								//prepping arguments for R_CH
188   								
189   						//////////////////////////////////////////////////////////////////////////////////////////////////////////////////////////////////////		
190   								
191   								
192   								//R_CH
193   	 003A	 49487FFF			a0=a1 //putting the R_Ch value into a0
194   	 003B	 B04A0000			i0=(_lpfCoefs)
195   	 003C	 B14A0000			i1=(_lpfHistoryBuffer)
196   								//this call
197   								#  	*R_CH_Out_Ptr = fir_basic(*R_CH_Out_Ptr,lpfCoefs, lpfHistoryBuffer);
198   	 003D	 80880066			call _fir_basic
199   								
200   								#processed_R_CH = (DSPfract)*R_CH_Out_Ptr; 
201   	 003E	 484F7FFF			b3=a0 ////saving result of this phase for next phase
202   								
203   								
204   								//restoring values from the stack
205   	 003F	 02177FFF			i7 -= 1;
206   	 0040	 00007FFF			nop
207   	 0041	 B1140027			i1=xmem[i7]; i7 -= 1;
208   	 0042	 B0140007			i0=xmem[i7]; 
209   	 0043				%mode0:
210   								
211   								
212   	 0043	 8BD40001			ymem[i1]=a3
213   	 0044	 8FD40003			ymem[i3]=b3
214   								
215   								
216   								// generate C_CH as a sum of L & R output channels
217   								#centerSum = (DSPfract)processed_L_CH + (DSPfract)processed_R_CH;
218   								#*C_CH_Out_Ptr = (DSPfract)saturation(centerSum);
219   								//a0 no longer in use so can be used for centerSum variable
220   	 0045	 000045B8			a0=a3+b3
221   	 0046	 00007FFF			nop
222   	 0047	 00007FFF			nop
223   								
224   	 0048	 8C040000			b0 = xmem[_limiterThreshold]
225   							# if (in < limiterThreshold)
226   	 0049	 00004F20			a0 - b0
227   	 004A	 8488004D			if (a < 0) jmp>less
228   	 004B	 4C487FFF				a0 = b0
229   	 004C	 80080051				jmp>endSaturation
230   	 004D				%less: 
231   							# if (in >= -limiterThreshold)
232   	 004D	 00004C84			b0 = -b0
233   	 004E	 00004F20			a0 - b0
234   	 004F	 84C80051			if (a >= 0) jmp>endSaturation
235   	 0050	 4C487FFF				a0 = b0	
236   	 0051				%endSaturation:
237   							
238   								
239   	 0051	 00007FFF			nop
240   	 0052	 00007FFF			nop
241   								//ymem[i1]=a0
242   								//ymem[i3]=a0
243   								//ymem[i4]=a0
244   								//ymem[i5]=a0
245   	 0053	 88D40006			ymem[i6]=a0
246   								
247   								
248   								
249   						
250   								//move through a buffer
251   								#L_CH_Out_Ptr++;
252   								#R_CH_Out_Ptr++;
253   								#LS_CH_Out_Ptr++;
254   								#RS_CH_Out_Ptr++;
255   								#C_CH_Out_Ptr++;
256   	 0054	 02097FFF			i1+=1
257   	 0055	 020B7FFF			i3+=1
258   	 0056	 020C7FFF			i4+=1
259   	 0057	 020D7FFF			i5+=1
260   	 0058	 020E7FFF			i6+=1
261   								
262   						
263   						
264   	 0059	 00007FFF	%loop: nop
265   						
266   	 005A				_end_processing:
267   						//stack restoring
268   	 005A	 02177FFF		i7 -= 1;
269   	 005B	 00007FFF		nop
270   							#return accums to prev state
271   	 005C	 8F140027		b3=xmem[i7] ; i7 -= 1;
272   	 005D	 8B140027		a3=xmem[i7] ; i7 -= 1;
273   	 005E	 8E140027		b2=xmem[i7] ; i7 -= 1;
274   	 005F	 8A140027		a2=xmem[i7] ; i7 -= 1;
275   							# return index regs to prev stat
276   	 0060	 BA140027		i6=xmem[i7]; i7 -= 1;
277   	 0061	 B9140027		i5=xmem[i7]; i7 -= 1;
278   	 0062	 B8140027		i4=xmem[i7]; i7 -= 1;
279   	 0063	 B3140027		i3=xmem[i7] ; i7 -= 1;
280   	 0064	 B2140007		i2=xmem[i7] ; 
281   							
282   	 0065	 81880000		ret
283   						############################################################
284   						############################################################
285   						//fir filter 	
286   						############################################################	
287   	 0066				_fir_basic:
288   							//DSPint i;
289   							//DSPfract ret_val = 0;
290   							//input is in a0
291   							#save registers to stack
292   	 0066	 B3540017		xmem[i7] = i3; i7 += 1;
293   							#save accums to the stack
294   	 0067	 8A540017		xmem[i7] = a2; i7 += 1;
295   						
296   							
297   							
298   							//pointers to second to last and last array members
299   							#DSPfract* nexthistoryBufferPtr = history + (FILTER_LENGHT-1);
300   	 0068	 83150016		i3 = i1 + ((_FILTER_LENGHT)-1);
301   							#DSPfract* historyBufferPtr = history+(FILTER_LENGHT-2);
302   	 0069	 81150015		i1 = i1+((_FILTER_LENGHT)-2);
303   							
304   						
305   							//shifting all values of the history buffer towards the end by one to make room for a new value	
306   							#for (i = FILTER_LENGHT - 2; i >= 0; i--)
307   							#{
308   	 006A	 8170006F		do(_FILTER_LENGHT),>loop
309   							
310   							#*nexthistoryBufferPtr = *historyBufferPtr; //shift by one
311   	 006B	 8A140001		a2=xmem[i1]
312   	 006C	 8A540003		xmem[i3]=a2
313   	 006D	 02117FFF		i1-=1; // moving pointers towards the beggining
314   							#nexthistoryBufferPtr--;
315   	 006E	 02137FFF		i3-=1;
316   	 006F	 00007FFF	%loop:nop
317   						
318   							#historyBufferPtr++; //ptr in i1 was pointing 2 places before the beggining setting it to point to beggining of the array
319   	 0070	 02297FFF		i1+=2; 
320   							/* store input at the beginning of the delay line */
321   							#*historyBufferPtr = input; 
322   	 0071	 88540001		xmem[i1]=a0
323   							
324   							//initilising coeff pointer
325   							#DSPfract* coeffsPtr = coeffs; 
326   							//already in a2
327   							
328   							/* calc FIR via convolution*/
329   							#for (i = 0; i < FILTER_LENGHT; i++)
330   							#{
331   							#	multiplyResult = ((*coeffsPtr) * (*historyBufferPtr));
332   							#	ret_val += multiplyResult; //descrete convolution 
333   							#	coeffsPtr++;
334   							#	historyBufferPtr++;
335   							#}
336   	 0072	 00004D40		a0=a0^a0//initialising accum to 0
337   	 0073	 81700079		do(_FILTER_LENGHT),>loop
338   	 0074	 80140001		x0=xmem[i1]
339   	 0075	 84940000		y0=ymem[i0]
340   	 0076	 00002408		a0+=x0*y0
341   	 0077	 02097FFF		i1+=1
342   	 0078	 02087FFF		i0+=1
343   	 0079	 00007FFF	%loop:nop
344   							
345   							
346   							#return ret_val;
347   						
348   	 007A				_end_fir_basic:
349   							#return accums to prev state
350   	 007A	 02177FFF		i7 -= 1;
351   	 007B	 00007FFF		nop #we have to decrement before putting any values because the pointer is currently pointing to 1 adress after value put on stack
352   	 007C	 8A140027		a2=xmem[i7] ; i7 -= 1;
353   							# return index regs to prev stat
354   	 007D	 B3140007		i3=xmem[i7] ; 
355   	 007E	 81880000		ret
356   						
357   							.endif
358   							
				 SYMBOL TABLE 

    Name                                                                                    Type                  Value 

_BLOCK_SIZE                                                                     					 Number				          16 (10H)
_COMMON_INC_PATH_                                                               					 Define                 "C:/CirrusDSP/crystal32/common/inc/"
_C_CH                                                                           					 Number				          4 (4H)
_DSP_                                                                           					 Define                 "a"
_FILTER_LENGHT                                                                  					 Number				          23 (17H)
_LOCAL_INC_PATH_                                                                					 Define                 "inc/"
_LOCAL_SRC_PATH_                                                                					 Define                 "src/"
_LS_CH                                                                          					 Number				          2 (2H)
_L_CH                                                                           			  Unused Number				     0 (0H)
_MUI_VERSION_                                                                   					 Define                 "020000"
_OVLY_                                                                          					 Define                 "standalone"
_OVLY_REVISION_                                                                 					 Define                 "020000"
_PROC_ASM                                                                       			  Unused Relocatable        __INIT:0000H
_ROUTER_INC_PATH_                                                               					 Define                 "rom_inc/"
_RS_CH                                                                          					 Number				          3 (3H)
_R_CH                                                                           					 Number				          1 (1H)
_SLOT_                                                                          					 Define                 "0"
_TARGET_FAMILY_                                                                 					 Define                 "crystal32"
_TOOLS_VERSION_                                                                 					 Define                 "0x0701"
_VERSION_                                                                       					 Define                 "00"
__CASM_VER__                                                                    			  Unused Variable		        0 (701H)
_end_fir_basic                                                                  			  Unused Relocatable        proc_GEN_0000:007AH
_end_processing                                                                 			  Unused Relocatable        proc_GEN_0000:005AH
_fir_basic                                                                      			         Relocatable         proc_GEN_0000:0066H
_hpfCoefs                                                                       					 External   
_hpfHistoryBuffer                                                               					 External   
_inputGain                                                                      					 External   
_limiterThreshold                                                               					 External   
_lpfCoefs                                                                       					 External   
_lpfHistoryBuffer                                                               					 External   
_modeFlag                                                                       					 External   
_processing                                                                     			  Public Relocatable       proc_GEN_0000:0000H
_saturation                                                                     					 External   

	       SEGMENTS:

Size			  Name										 Class
0000H	 __INIT                                  			 CODE                                    
007FH	 proc_GEN_0000                           			 CODE_OVLY                               
