============= BUILDING STARTED ============
  Project: example_ovly
===========================================
Assembling .a and .s files...
D:/fax/aadspproj/aadspProj/modelFinalni/example_ovly/gen/src/example_ovly_odt.a
C:/CirrusDSP/bin/casm D:/fax/aadspproj/aadspProj/modelFinalni/example_ovly/gen/src/example_ovly_odt.a
 --debug
 -c
 -s
 -e
 --cdl
 -D_TOOLS_VERSION_=0x0701
 -D_SLOT_=0
 -D_OVLY_=application
 -D_OVLY_REVISION_=010000
 -D_VERSION_=01
 -D_DSP_=a
 -D_COMMON_INC_PATH_=C:/CirrusDSP/crystal32/common/inc/
 -D_TARGET_FAMILY_=crystal32
 -D_MUI_VERSION_=010000
 -IC:/CirrusDSP/include/
 -lD:/fax/aadspproj/aadspProj/modelFinalni/example_ovly/output/application/gen/src/example_ovly_odt.lst
 -oD:/fax/aadspproj/aadspProj/modelFinalni/example_ovly/output/application/gen/src/example_ovly_odt.O
 -iC:/CirrusDSP/crystal32/common/inc/base.h
 -D_LOCAL_SRC_PATH_=src/
 -D_LOCAL_INC_PATH_=inc/
 -D_ROUTER_INC_PATH_=rom_inc/
Linking files...
C:/CirrusDSP/bin/clink
 -oD:/fax/aadspproj/aadspProj/modelFinalni/example_ovly/output/application/example_ovly__application_1_0_0.img
 -fC:/CirrusDSP/crystal32/memory_maps/v01.mem.xml
 --output_type=RAM
 --overlay_type=application
 -lC:/CirrusDSP/lib/
 -lC:/CirrusDSP/lib/dsplib
 -lC:/CirrusDSP/lib/dsplib/crystal32/
 -lC:/CirrusDSP/crystal32/common/lib/
D:/fax/aadspproj/aadspProj/modelFinalni/example_ovly/output/application/gen/src/example_ovly_odt.O
D:/fax/aadspproj/aadspProj/modelFinalni/example_module/output/example_module_1_0_0.olib
     [exec] 
     [exec] List of linked library's modules:
Creating .uld file...
C:/CirrusDSP/bin/lnkuld
 -ja
 D:/fax/aadspproj/aadspProj/modelFinalni/example_ovly/output/application/example_ovly__application_1_0_0.img
 D:/fax/aadspproj/aadspProj/modelFinalni/example_ovly/output/application/example_ovly__application_1_0_0.uld
     [exec] 
     [exec] Reading file: D:/fax/aadspproj/aadspProj/modelFinalni/example_ovly/output/application/example_ovly__application_1_0_0.img ...
     [exec] 	Processed 54 line(s).
     [exec] 
     [exec] Writing output to file: D:/fax/aadspproj/aadspProj/modelFinalni/example_ovly/output/application/example_ovly__application_1_0_0.uld ...
     [exec] 
     [exec] Done!
     [exec] 
     [exec] Writing output to file: D:/fax/aadspproj/aadspProj/modelFinalni/example_ovly/output/application/example_ovly__application_1_0_0.uldb ...
     [exec] 
     [exec] Done!
     [exec] 
     [exec] Writing output to file: D:/fax/aadspproj/aadspProj/modelFinalni/example_ovly/output/application/example_ovly__application_1_0_0.uldc ...

BUILD SUCCESSFUL
Total time: 1 second
